<?xml version="1.0" encoding="UTF-8"?>
<testsuite name="MainKtTest" tests="1" skipped="0" failures="0" errors="0" timestamp="2023-05-05T09:25:15" hostname="LAPTOP-U21B94VF" time="0.248">
  <properties/>
  <testcase name="mainTest()" classname="MainKtTest" time="0.248"/>
  <system-out><![CDATA[]]></system-out>
  <system-err><![CDATA[]]></system-err>
</testsuite>
